Namespace(exp_name='exp', dataset='modelnet40', batch_size=32, test_batch_size=16, epochs=250, use_sgd=True, lr=0.0001, momentum=0.9, no_cuda=False, seed=1, eval=False, num_points=1024, dropout=0.5, model_path='')
Using GPU : 0 from 1 devices
Namespace(exp_name='exp', dataset='modelnet40', batch_size=32, test_batch_size=16, epochs=250, use_sgd=True, lr=0.0001, momentum=0.9, no_cuda=False, seed=1, eval=False, num_points=1024, dropout=0.5, model_path='')
Using GPU : 0 from 1 devices
Namespace(exp_name='exp', dataset='modelnet40', batch_size=32, test_batch_size=16, epochs=250, use_sgd=True, lr=0.0001, momentum=0.9, no_cuda=False, seed=1, eval=False, num_points=1024, dropout=0.5, model_path='')
Using GPU : 0 from 1 devices
Namespace(exp_name='exp', dataset='modelnet40', batch_size=32, test_batch_size=16, epochs=250, use_sgd=True, lr=0.0001, momentum=0.9, no_cuda=False, seed=1, eval=False, num_points=1024, dropout=0.5, model_path='')
Using GPU : 0 from 1 devices
Namespace(exp_name='exp', dataset='modelnet40', batch_size=32, test_batch_size=16, epochs=250, use_sgd=1, lr=0.0001, momentum=0.9, no_cuda=False, seed=1, eval=False, num_points=2048, dropout=0.5, model_path='')
Using GPU : 0 from 1 devices
Namespace(exp_name='exp', dataset='modelnet40', batch_size=32, test_batch_size=16, epochs=250, use_sgd=1, lr=0.0001, momentum=0.9, no_cuda=False, seed=1, eval=False, num_points=2048, dropout=0.5, model_path='')
Using GPU : 0 from 1 devices
Namespace(exp_name='exp', dataset='modelnet40', batch_size=32, test_batch_size=16, epochs=250, use_sgd=1, lr=0.0001, momentum=0.9, no_cuda=False, seed=1, eval=False, num_points=2048, dropout=0.5, model_path='')
Using GPU : 0 from 1 devices
Namespace(exp_name='exp', dataset='modelnet40', batch_size=32, test_batch_size=16, epochs=250, use_sgd=1, lr=0.0001, momentum=0.9, no_cuda=False, seed=1, eval=False, num_points=2048, dropout=0.5, model_path='')
Using GPU : 0 from 1 devices
Namespace(exp_name='exp', dataset='modelnet40', batch_size=32, test_batch_size=16, epochs=250, use_sgd=1, lr=0.0001, momentum=0.9, no_cuda=False, seed=1, eval=False, num_points=2048, dropout=0.5, model_path='')
Using GPU : 0 from 1 devices
Namespace(exp_name='exp', dataset='modelnet40', batch_size=32, test_batch_size=16, epochs=250, use_sgd=1, lr=0.0001, momentum=0.9, no_cuda=False, seed=1, eval=False, num_points=2048, dropout=0.5, model_path='')
Using GPU : 0 from 1 devices
Namespace(exp_name='exp', dataset='modelnet40', batch_size=32, test_batch_size=16, epochs=250, use_sgd=1, lr=0.0001, momentum=0.9, no_cuda=False, seed=1, eval=False, num_points=2048, dropout=0.5, model_path='')
Using GPU : 0 from 1 devices
Namespace(exp_name='exp', dataset='modelnet40', batch_size=32, test_batch_size=16, epochs=250, use_sgd=1, lr=0.0001, momentum=0.9, no_cuda=False, seed=1, eval=False, num_points=2048, dropout=0.5, model_path='')
Using GPU : 0 from 1 devices
Namespace(exp_name='exp', dataset='modelnet40', batch_size=32, test_batch_size=16, epochs=250, use_sgd=1, lr=0.0001, momentum=0.9, no_cuda=False, seed=1, eval=False, num_points=2048, dropout=0.5, model_path='')
Using GPU : 0 from 1 devices
Namespace(exp_name='exp', dataset='modelnet40', batch_size=32, test_batch_size=16, epochs=250, use_sgd=1, lr=0.0001, momentum=0.9, no_cuda=False, seed=1, eval=False, num_points=2048, dropout=0.5, model_path='')
Using GPU : 0 from 1 devices
Namespace(exp_name='exp', dataset='modelnet40', batch_size=32, test_batch_size=16, epochs=250, use_sgd=1, lr=0.0001, momentum=0.9, no_cuda=False, seed=1, eval=False, num_points=2048, dropout=0.5, model_path='')
Using GPU : 0 from 1 devices
Namespace(exp_name='exp', dataset='modelnet40', batch_size=32, test_batch_size=16, epochs=250, use_sgd=1, lr=0.0001, momentum=0.9, no_cuda=False, seed=1, eval=False, num_points=2048, dropout=0.5, model_path='')
Using GPU : 0 from 1 devices
Namespace(exp_name='exp', dataset='modelnet40', batch_size=32, test_batch_size=16, epochs=250, use_sgd=1, lr=0.0001, momentum=0.9, no_cuda=False, seed=1, eval=False, num_points=2048, dropout=0.5, model_path='')
Using GPU : 0 from 1 devices
Namespace(exp_name='exp', dataset='modelnet40', batch_size=32, test_batch_size=16, epochs=250, use_sgd=1, lr=0.0001, momentum=0.9, no_cuda=False, seed=1, eval=False, num_points=2048, dropout=0.5, model_path='')
Using GPU : 0 from 1 devices
Namespace(exp_name='exp', dataset='modelnet40', batch_size=32, test_batch_size=16, epochs=250, use_sgd=1, lr=0.0001, momentum=0.9, no_cuda=False, seed=1, eval=False, num_points=2048, dropout=0.5, model_path='')
Using GPU : 0 from 1 devices
Namespace(exp_name='exp', dataset='modelnet40', batch_size=32, test_batch_size=16, epochs=250, use_sgd=1, lr=0.0001, momentum=0.9, no_cuda=False, seed=1, eval=False, num_points=2048, dropout=0.5, model_path='')
Using GPU : 0 from 1 devices
Namespace(exp_name='exp', dataset='modelnet40', batch_size=32, test_batch_size=16, epochs=250, use_sgd=1, lr=0.0001, momentum=0.9, no_cuda=False, seed=1, eval=False, num_points=2048, dropout=0.5, model_path='')
Using GPU : 0 from 1 devices
Namespace(exp_name='exp', dataset='modelnet40', batch_size=32, test_batch_size=16, epochs=250, use_sgd=1, lr=0.0001, momentum=0.9, no_cuda=False, seed=1, eval=False, num_points=2048, dropout=0.5, model_path='')
Using GPU : 0 from 1 devices
Namespace(exp_name='exp', dataset='modelnet40', batch_size=32, test_batch_size=16, epochs=250, use_sgd=1, lr=0.0001, momentum=0.9, no_cuda=False, seed=1, eval=False, num_points=2048, dropout=0.5, model_path='')
Using GPU : 0 from 1 devices
Namespace(exp_name='exp', dataset='modelnet40', batch_size=32, test_batch_size=16, epochs=250, use_sgd=1, lr=0.0001, momentum=0.9, no_cuda=False, seed=1, eval=False, num_points=2048, dropout=0.5, model_path='')
Using GPU : 0 from 1 devices
Namespace(exp_name='exp', dataset='modelnet40', batch_size=32, test_batch_size=16, epochs=250, use_sgd=1, lr=0.0001, momentum=0.9, no_cuda=False, seed=1, eval=False, num_points=2048, dropout=0.5, model_path='')
Using GPU : 0 from 1 devices
Namespace(exp_name='exp', dataset='modelnet40', batch_size=32, test_batch_size=16, epochs=250, use_sgd=1, lr=0.0001, momentum=0.9, no_cuda=False, seed=1, eval=False, num_points=2048, dropout=0.5, model_path='')
Using GPU : 0 from 1 devices
Namespace(exp_name='exp', dataset='modelnet40', batch_size=32, test_batch_size=16, epochs=250, use_sgd=1, lr=0.0001, momentum=0.9, no_cuda=False, seed=1, eval=False, num_points=2048, dropout=0.5, model_path='')
Using GPU : 0 from 1 devices
Namespace(exp_name='exp', dataset='modelnet40', batch_size=32, test_batch_size=16, epochs=250, use_sgd=1, lr=0.0001, momentum=0.9, no_cuda=False, seed=1, eval=False, num_points=2048, dropout=0.5, model_path='')
Using GPU : 0 from 1 devices
Namespace(exp_name='exp', dataset='modelnet40', batch_size=32, test_batch_size=16, epochs=250, use_sgd=1, lr=0.0001, momentum=0.9, no_cuda=False, seed=1, eval=False, num_points=2048, dropout=0.5, model_path='')
Using GPU : 0 from 1 devices
Namespace(exp_name='exp', dataset='modelnet40', batch_size=32, test_batch_size=16, epochs=250, use_sgd=1, lr=0.0001, momentum=0.9, no_cuda=False, seed=1, eval=False, num_points=2048, dropout=0.5, model_path='')
Using GPU : 0 from 1 devices
Namespace(exp_name='exp', dataset='modelnet40', batch_size=32, test_batch_size=16, epochs=250, use_sgd=1, lr=0.0001, momentum=0.9, no_cuda=False, seed=1, eval=False, num_points=2048, dropout=0.5, model_path='')
Using GPU : 0 from 1 devices
Namespace(exp_name='exp', dataset='modelnet40', batch_size=32, test_batch_size=16, epochs=250, use_sgd=1, lr=0.0001, momentum=0.9, no_cuda=False, seed=1, eval=False, num_points=2048, dropout=0.5, model_path='')
Using GPU : 0 from 1 devices
Namespace(exp_name='exp', dataset='modelnet40', batch_size=32, test_batch_size=16, epochs=250, use_sgd=1, lr=0.0001, momentum=0.9, no_cuda=False, seed=1, eval=False, num_points=2048, dropout=0.5, model_path='')
Using GPU : 0 from 1 devices
Namespace(exp_name='exp', dataset='modelnet40', batch_size=32, test_batch_size=16, epochs=250, use_sgd=1, lr=0.0001, momentum=0.9, no_cuda=False, seed=1, eval=False, num_points=2048, dropout=0.5, model_path='')
Using GPU : 0 from 1 devices
Train 0, loss: 1.023811, train acc: 0.572243, train avg acc: 0.149926
Namespace(exp_name='exp', dataset='modelnet40', batch_size=32, test_batch_size=16, epochs=1, use_sgd=1, lr=0.0001, momentum=0.9, no_cuda=False, seed=1, eval=False, num_points=2048, dropout=0.5, model_path='')
Using GPU : 0 from 1 devices
Namespace(exp_name='exp', dataset='modelnet40', batch_size=32, test_batch_size=16, epochs=1, use_sgd=1, lr=0.0001, momentum=0.9, no_cuda=False, seed=1, eval=False, num_points=2048, dropout=0.5, model_path='')
Using GPU : 0 from 1 devices
Namespace(exp_name='exp', dataset='modelnet40', batch_size=32, test_batch_size=16, epochs=1, use_sgd=1, lr=0.0001, momentum=0.9, no_cuda=False, seed=1, eval=False, num_points=2048, dropout=0.5, model_path='')
Using GPU : 0 from 1 devices
Train 0, loss: 1.035597, train acc: 0.578461, train avg acc: 0.152324
*** Test 0, loss: 14021.512207, test acc: 0.296090, test avg acc: 0.125000
